android/app/build/intermediates/manifest_merge_blame_file/release/manifest-merger-blame-release-report.txt
1<?xml version="1.0" encoding="utf-8"?>
2<manifest xmlns:android="http://schemas.android.com/apk/res/android"
3    package="com.doomshell.idsprimelatest"
4    android:versionCode="200025"
5    android:versionName="1.6" >
6
7    <uses-sdk
8        android:minSdkVersion="21"
8-->src/main/AndroidManifest.xml
9        android:targetSdkVersion="33" />
9-->src/main/AndroidManifest.xml
10
11    <uses-permission android:name="android.permission.INTERNET" />
11-->src/main/AndroidManifest.xml:5:5-67
11-->src/main/AndroidManifest.xml:5:22-64
12    <uses-permission android:name="android.permission.CAMERA" />
12-->src/main/AndroidManifest.xml:6:5-65
12-->src/main/AndroidManifest.xml:6:22-62
13    <uses-permission android:name="android.permission.VIBRATE" />
13-->src/main/AndroidManifest.xml:7:5-66
13-->src/main/AndroidManifest.xml:7:22-63
14    <uses-permission android:name="android.permission.RECEIVE_BOOT_COMPLETED" />
14-->src/main/AndroidManifest.xml:8:5-81
14-->src/main/AndroidManifest.xml:8:22-78
15    <uses-permission android:name="android.permission.READ_EXTERNAL_STORAGE" />
15-->src/main/AndroidManifest.xml:9:5-80
15-->src/main/AndroidManifest.xml:9:22-77
16    <uses-permission android:name="android.permission.WRITE_EXTERNAL_STORAGE" />
16-->src/main/AndroidManifest.xml:10:5-81
16-->src/main/AndroidManifest.xml:10:22-78
17    <uses-permission android:name="android.permission.ACCESS_NETWORK_STATE" />
17-->src/main/AndroidManifest.xml:11:5-79
17-->src/main/AndroidManifest.xml:11:22-76
18    <uses-permission android:name="android.permission.ACCESS_WIFI_STATE" />
18-->[:react-native-community_netinfo] AndroidManifest.xml:10:5-76
18-->[:react-native-community_netinfo] AndroidManifest.xml:10:22-73
19    <uses-permission android:name="android.permission.WAKE_LOCK" />
19-->[:react-native-firebase_messaging] AndroidManifest.xml:10:5-68
19-->[:react-native-firebase_messaging] AndroidManifest.xml:10:22-65
20
21    <uses-feature
21-->[:react-native-camera] AndroidManifest.xml:11:5-13:36
22        android:name="android.hardware.camera"
22-->[:react-native-camera] AndroidManifest.xml:12:9-47
23        android:required="false" />
23-->[:react-native-camera] AndroidManifest.xml:13:9-33
24    <uses-feature
24-->[:react-native-camera] AndroidManifest.xml:14:5-16:36
25        android:name="android.hardware.camera.autofocus"
25-->[:react-native-camera] AndroidManifest.xml:15:9-57
26        android:required="false" />
26-->[:react-native-camera] AndroidManifest.xml:16:9-33
27
28    <queries>
28-->[:react-native-image-crop-picker] AndroidManifest.xml:9:5-13:15
29        <intent>
29-->[:react-native-image-crop-picker] AndroidManifest.xml:10:9-12:18
30            <action android:name="android.media.action.IMAGE_CAPTURE" />
30-->[:react-native-image-crop-picker] AndroidManifest.xml:11:13-73
30-->[:react-native-image-crop-picker] AndroidManifest.xml:11:21-70
31        </intent>
32    </queries> <!-- Required to access Google Play Licensing -->
33    <uses-permission android:name="com.android.vending.CHECK_LICENSE" /> <!-- for android -->
33-->[:rn-fetch-blob] AndroidManifest.xml:10:5-73
33-->[:rn-fetch-blob] AndroidManifest.xml:10:22-70
34    <!-- <uses-permission android:name="com.android.launcher.permission.READ_SETTINGS"/> -->
35    <!-- <uses-permission android:name="com.android.launcher.permission.WRITE_SETTINGS"/> -->
36    <!-- <uses-permission android:name="com.android.launcher.permission.INSTALL_SHORTCUT" /> -->
37    <!-- <uses-permission android:name="com.android.launcher.permission.UNINSTALL_SHORTCUT" /> -->
38    <!-- for Samsung -->
39    <uses-permission android:name="com.sec.android.provider.badge.permission.READ" />
39-->[me.leolin:ShortcutBadger:1.1.22] AndroidManifest.xml:19:5-86
39-->[me.leolin:ShortcutBadger:1.1.22] AndroidManifest.xml:19:22-83
40    <uses-permission android:name="com.sec.android.provider.badge.permission.WRITE" /> <!-- for htc -->
40-->[me.leolin:ShortcutBadger:1.1.22] AndroidManifest.xml:20:5-87
40-->[me.leolin:ShortcutBadger:1.1.22] AndroidManifest.xml:20:22-84
41    <uses-permission android:name="com.htc.launcher.permission.READ_SETTINGS" />
41-->[me.leolin:ShortcutBadger:1.1.22] AndroidManifest.xml:23:5-81
41-->[me.leolin:ShortcutBadger:1.1.22] AndroidManifest.xml:23:22-78
42    <uses-permission android:name="com.htc.launcher.permission.UPDATE_SHORTCUT" /> <!-- for sony -->
42-->[me.leolin:ShortcutBadger:1.1.22] AndroidManifest.xml:24:5-83
42-->[me.leolin:ShortcutBadger:1.1.22] AndroidManifest.xml:24:22-80
43    <uses-permission android:name="com.sonyericsson.home.permission.BROADCAST_BADGE" />
43-->[me.leolin:ShortcutBadger:1.1.22] AndroidManifest.xml:27:5-88
43-->[me.leolin:ShortcutBadger:1.1.22] AndroidManifest.xml:27:22-85
44    <uses-permission android:name="com.sonymobile.home.permission.PROVIDER_INSERT_BADGE" /> <!-- for apex -->
44-->[me.leolin:ShortcutBadger:1.1.22] AndroidManifest.xml:28:5-92
44-->[me.leolin:ShortcutBadger:1.1.22] AndroidManifest.xml:28:22-89
45    <uses-permission android:name="com.anddoes.launcher.permission.UPDATE_COUNT" /> <!-- for solid -->
45-->[me.leolin:ShortcutBadger:1.1.22] AndroidManifest.xml:31:5-84
45-->[me.leolin:ShortcutBadger:1.1.22] AndroidManifest.xml:31:22-81
46    <uses-permission android:name="com.majeur.launcher.permission.UPDATE_BADGE" /> <!-- for huawei -->
46-->[me.leolin:ShortcutBadger:1.1.22] AndroidManifest.xml:34:5-83
46-->[me.leolin:ShortcutBadger:1.1.22] AndroidManifest.xml:34:22-80
47    <uses-permission android:name="com.huawei.android.launcher.permission.CHANGE_BADGE" />
47-->[me.leolin:ShortcutBadger:1.1.22] AndroidManifest.xml:37:5-91
47-->[me.leolin:ShortcutBadger:1.1.22] AndroidManifest.xml:37:22-88
48    <uses-permission android:name="com.huawei.android.launcher.permission.READ_SETTINGS" />
48-->[me.leolin:ShortcutBadger:1.1.22] AndroidManifest.xml:38:5-92
48-->[me.leolin:ShortcutBadger:1.1.22] AndroidManifest.xml:38:22-89
49    <uses-permission android:name="com.huawei.android.launcher.permission.WRITE_SETTINGS" /> <!-- for ZUK -->
49-->[me.leolin:ShortcutBadger:1.1.22] AndroidManifest.xml:39:5-93
49-->[me.leolin:ShortcutBadger:1.1.22] AndroidManifest.xml:39:22-90
50    <uses-permission android:name="android.permission.READ_APP_BADGE" /> <!-- for OPPO -->
50-->[me.leolin:ShortcutBadger:1.1.22] AndroidManifest.xml:42:5-73
50-->[me.leolin:ShortcutBadger:1.1.22] AndroidManifest.xml:42:22-70
51    <uses-permission android:name="com.oppo.launcher.permission.READ_SETTINGS" />
51-->[me.leolin:ShortcutBadger:1.1.22] AndroidManifest.xml:45:5-82
51-->[me.leolin:ShortcutBadger:1.1.22] AndroidManifest.xml:45:22-79
52    <uses-permission android:name="com.oppo.launcher.permission.WRITE_SETTINGS" /> <!-- for EvMe -->
52-->[me.leolin:ShortcutBadger:1.1.22] AndroidManifest.xml:46:5-83
52-->[me.leolin:ShortcutBadger:1.1.22] AndroidManifest.xml:46:22-80
53    <uses-permission android:name="me.everything.badger.permission.BADGE_COUNT_READ" />
53-->[me.leolin:ShortcutBadger:1.1.22] AndroidManifest.xml:49:5-88
53-->[me.leolin:ShortcutBadger:1.1.22] AndroidManifest.xml:49:22-85
54    <uses-permission android:name="me.everything.badger.permission.BADGE_COUNT_WRITE" /> <!-- Required by older versions of Google Play services to create IID tokens -->
54-->[me.leolin:ShortcutBadger:1.1.22] AndroidManifest.xml:50:5-89
54-->[me.leolin:ShortcutBadger:1.1.22] AndroidManifest.xml:50:22-86
55    <uses-permission android:name="com.google.android.c2dm.permission.RECEIVE" />
55-->[com.google.firebase:firebase-iid:21.1.0] AndroidManifest.xml:26:5-82
55-->[com.google.firebase:firebase-iid:21.1.0] AndroidManifest.xml:26:22-79
56    <uses-permission android:name="com.google.android.finsky.permission.BIND_GET_INSTALL_REFERRER_SERVICE" />
56-->[com.google.android.gms:play-services-measurement:21.1.1] AndroidManifest.xml:26:5-110
56-->[com.google.android.gms:play-services-measurement:21.1.1] AndroidManifest.xml:26:22-107
57    <uses-permission android:name="android.permission.POST_NOTIFICATIONS" />
57-->[com.google.firebase:firebase-messaging:23.0.8] AndroidManifest.xml:26:5-77
57-->[com.google.firebase:firebase-messaging:23.0.8] AndroidManifest.xml:26:22-74
58    <uses-permission android:name="com.google.android.gms.permission.AD_ID" />
58-->[com.google.android.gms:play-services-measurement-impl:21.1.1] AndroidManifest.xml:27:5-79
58-->[com.google.android.gms:play-services-measurement-impl:21.1.1] AndroidManifest.xml:27:22-76
59    <uses-permission android:name="android.permission.FOREGROUND_SERVICE" />
59-->[androidx.work:work-runtime:2.7.1] AndroidManifest.xml:28:5-77
59-->[androidx.work:work-runtime:2.7.1] AndroidManifest.xml:28:22-74
60    <uses-permission android:name="android.permission.USE_FULL_SCREEN_INTENT" />
60-->[app.notifee:core:202108261754] AndroidManifest.xml:15:5-81
60-->[app.notifee:core:202108261754] AndroidManifest.xml:15:22-78
61    <uses-permission android:name="android.permission.SCHEDULE_EXACT_ALARM" />
61-->[app.notifee:core:202108261754] AndroidManifest.xml:16:5-79
61-->[app.notifee:core:202108261754] AndroidManifest.xml:16:22-76
62    <uses-permission
62-->[app.notifee:core:202108261754] AndroidManifest.xml:17:5-19:38
63        android:name="android.permission.BROADCAST_CLOSE_SYSTEM_DIALOGS"
63-->[app.notifee:core:202108261754] AndroidManifest.xml:18:9-73
64        android:maxSdkVersion="30" />
64-->[app.notifee:core:202108261754] AndroidManifest.xml:19:9-35
65
66    <application
66-->src/main/AndroidManifest.xml:13:5-70:19
67        android:name="com.doomshell.idsprimelatest.MainApplication"
67-->src/main/AndroidManifest.xml:14:7-38
68        android:allowBackup="false"
68-->src/main/AndroidManifest.xml:18:7-34
69        android:appComponentFactory="androidx.core.app.CoreComponentFactory"
69-->[androidx.core:core:1.6.0] AndroidManifest.xml:24:18-86
70        android:icon="@mipmap/ic_launcher"
70-->src/main/AndroidManifest.xml:16:7-41
71        android:label="@string/app_name"
71-->src/main/AndroidManifest.xml:15:7-39
72        android:requestLegacyExternalStorage="true"
72-->src/main/AndroidManifest.xml:22:7-50
73        android:roundIcon="@mipmap/ic_launcher_round"
73-->src/main/AndroidManifest.xml:17:7-52
74        android:screenOrientation="portrait"
74-->src/main/AndroidManifest.xml:21:7-43
75        android:supportsRtl="true"
75-->[:react-native-clear-cache-lcm] AndroidManifest.xml:12:9-35
76        android:theme="@style/AppTheme"
76-->src/main/AndroidManifest.xml:19:7-38
77        android:usesCleartextTraffic="true" >
77-->src/main/AndroidManifest.xml:20:7-42
78        <activity
78-->src/main/AndroidManifest.xml:25:7-37:18
79            android:name="com.doomshell.idsprimelatest.MainActivity"
79-->src/main/AndroidManifest.xml:26:9-37
80            android:configChanges="keyboard|keyboardHidden|orientation|screenSize|uiMode"
80-->src/main/AndroidManifest.xml:29:9-86
81            android:exported="true"
81-->src/main/AndroidManifest.xml:28:17-40
82            android:label="@string/app_name"
82-->src/main/AndroidManifest.xml:27:9-41
83            android:launchMode="singleTop"
83-->src/main/AndroidManifest.xml:30:9-39
84            android:screenOrientation="portrait"
84-->src/main/AndroidManifest.xml:31:9-45
85            android:windowSoftInputMode="adjustResize" >
85-->src/main/AndroidManifest.xml:32:9-51
86            <intent-filter>
86-->src/main/AndroidManifest.xml:33:9-36:25
87                <action android:name="android.intent.action.MAIN" />
87-->src/main/AndroidManifest.xml:34:13-65
87-->src/main/AndroidManifest.xml:34:21-62
88
89                <category android:name="android.intent.category.LAUNCHER" />
89-->src/main/AndroidManifest.xml:35:13-73
89-->src/main/AndroidManifest.xml:35:23-70
90            </intent-filter>
91        </activity>
92        <activity android:name="com.facebook.react.devsupport.DevSettingsActivity" />
92-->src/main/AndroidManifest.xml:38:7-84
92-->src/main/AndroidManifest.xml:38:17-81
93
94        <meta-data
94-->src/main/AndroidManifest.xml:40:3-42:89
95            android:name="com.google.firebase.messaging.default_notification_icon"
95-->src/main/AndroidManifest.xml:41:13-83
96            android:resource="@drawable/ic_stat_name" />
96-->src/main/AndroidManifest.xml:42:13-54
97        <meta-data
97-->src/main/AndroidManifest.xml:43:9-45:97
98            android:name="com.google.firebase.messaging.default_notification_color"
98-->src/main/AndroidManifest.xml:44:13-84
99            android:resource="@color/ic_launcher_background" />
99-->src/main/AndroidManifest.xml:45:13-61
100        <!--
101        <service android:name="io.invertase.firebase.messaging.RNFirebaseMessagingService">
102            <intent-filter>
103                <action android:name="com.google.firebase.MESSAGING_EVENT" />
104            </intent-filter>
105        </service>
106        <service android:name="io.invertase.firebase.notifications.RNFirebaseBackgroundNotificationActionsService" />
107
108        <meta-data
109            android:name="com.google.firebase.messaging.default_notification_icon"
110            android:resource="@drawable/ic_stat_name" />
111
112        <meta-data
113            android:name="com.google.firebase.messaging.default_notification_color"
114            android:resource="@color/ic_launcher_background" />
115        -->
116
117
118        <!-- Change the value to true to enable pop-up for in foreground on receiving remote notifications (for prevent duplicating while showing local notifications set this to false) -->
119
120        <meta-data
120-->src/main/AndroidManifest.xml:64:9-66:71
121            android:name="com.google.android.geo.API_KEY"
121-->src/main/AndroidManifest.xml:65:13-58
122            android:value="AIzaSyATlZ0zt8_6Z-Mj5O05SeyaPSh2kjFMZJw" />
122-->src/main/AndroidManifest.xml:66:13-68
123        <!-- You will also only need to add this uses-library tag -->
124        <uses-library
124-->src/main/AndroidManifest.xml:68:9-87
125            android:name="org.apache.http.legacy"
125-->src/main/AndroidManifest.xml:68:23-60
126            android:required="false" />
126-->src/main/AndroidManifest.xml:68:61-85
127
128        <provider
128-->[:notifee_react-native] AndroidManifest.xml:10:9-14:40
129            android:name="io.invertase.notifee.NotifeeInitProvider"
129-->[:notifee_react-native] AndroidManifest.xml:11:13-68
130            android:authorities="com.doomshell.idsprimelatest.notifee-init-provider"
130-->[:notifee_react-native] AndroidManifest.xml:12:13-73
131            android:exported="false"
131-->[:notifee_react-native] AndroidManifest.xml:13:13-37
132            android:initOrder="-100" /> <!-- Disable crashlytics by default so we can custom init with CrashlyticsNdk support -->
132-->[:notifee_react-native] AndroidManifest.xml:14:13-37
133        <meta-data
133-->[:react-native-firebase_crashlytics] AndroidManifest.xml:12:9-14:37
134            android:name="firebase_crashlytics_collection_enabled"
134-->[:react-native-firebase_crashlytics] AndroidManifest.xml:13:13-67
135            android:value="false" />
135-->[:react-native-firebase_crashlytics] AndroidManifest.xml:14:13-34
136
137        <provider
137-->[:react-native-firebase_crashlytics] AndroidManifest.xml:16:9-20:38
138            android:name="io.invertase.firebase.crashlytics.ReactNativeFirebaseCrashlyticsInitProvider"
138-->[:react-native-firebase_crashlytics] AndroidManifest.xml:17:13-104
139            android:authorities="com.doomshell.idsprimelatest.reactnativefirebasecrashlyticsinitprovider"
139-->[:react-native-firebase_crashlytics] AndroidManifest.xml:18:13-94
140            android:exported="false"
140-->[:react-native-firebase_crashlytics] AndroidManifest.xml:19:13-37
141            android:initOrder="98" />
141-->[:react-native-firebase_crashlytics] AndroidManifest.xml:20:13-35
142
143        <service
143-->[:react-native-firebase_messaging] AndroidManifest.xml:14:9-16:40
144            android:name="io.invertase.firebase.messaging.ReactNativeFirebaseMessagingHeadlessService"
144-->[:react-native-firebase_messaging] AndroidManifest.xml:15:13-103
145            android:exported="false" />
145-->[:react-native-firebase_messaging] AndroidManifest.xml:16:13-37
146        <service
146-->[:react-native-firebase_messaging] AndroidManifest.xml:17:9-23:19
147            android:name="io.invertase.firebase.messaging.ReactNativeFirebaseMessagingService"
147-->[:react-native-firebase_messaging] AndroidManifest.xml:18:13-95
148            android:exported="false" >
148-->[:react-native-firebase_messaging] AndroidManifest.xml:19:13-37
149            <intent-filter>
149-->[:react-native-firebase_messaging] AndroidManifest.xml:20:13-22:29
150                <action android:name="com.google.firebase.MESSAGING_EVENT" />
150-->[:react-native-firebase_messaging] AndroidManifest.xml:21:17-78
150-->[:react-native-firebase_messaging] AndroidManifest.xml:21:25-75
151            </intent-filter>
152        </service>
153
154        <receiver
154-->[:react-native-firebase_messaging] AndroidManifest.xml:25:9-32:20
155            android:name="io.invertase.firebase.messaging.ReactNativeFirebaseMessagingReceiver"
155-->[:react-native-firebase_messaging] AndroidManifest.xml:26:13-96
156            android:exported="true"
156-->[:react-native-firebase_messaging] AndroidManifest.xml:27:13-36
157            android:permission="com.google.android.c2dm.permission.SEND" >
157-->[:react-native-firebase_messaging] AndroidManifest.xml:28:13-73
158            <intent-filter>
158-->[:react-native-firebase_messaging] AndroidManifest.xml:29:13-31:29
159                <action android:name="com.google.android.c2dm.intent.RECEIVE" />
159-->[:react-native-firebase_messaging] AndroidManifest.xml:30:17-81
159-->[:react-native-firebase_messaging] AndroidManifest.xml:30:25-78
160            </intent-filter>
161        </receiver>
162
163        <meta-data
163-->[:react-native-firebase_messaging] AndroidManifest.xml:34:9-36:36
164            android:name="firebase_messaging_auto_init_enabled"
164-->[:react-native-firebase_messaging] AndroidManifest.xml:35:13-64
165            android:value="true" />
165-->[:react-native-firebase_messaging] AndroidManifest.xml:36:13-33
166        <meta-data
166-->[:react-native-firebase_messaging] AndroidManifest.xml:37:9-39:32
167            android:name="com.google.firebase.messaging.default_notification_channel_id"
167-->[:react-native-firebase_messaging] AndroidManifest.xml:38:13-89
168            android:value="" />
168-->[:react-native-firebase_messaging] AndroidManifest.xml:39:13-29
169        <meta-data
169-->[:react-native-firebase_app] AndroidManifest.xml:11:9-13:36
170            android:name="app_data_collection_default_enabled"
170-->[:react-native-firebase_app] AndroidManifest.xml:12:13-63
171            android:value="true" />
171-->[:react-native-firebase_app] AndroidManifest.xml:13:13-33
172
173        <service
173-->[:react-native-firebase_app] AndroidManifest.xml:15:9-23:19
174            android:name="com.google.firebase.components.ComponentDiscoveryService"
174-->[:react-native-firebase_app] AndroidManifest.xml:16:13-84
175            android:directBootAware="true"
175-->[:react-native-firebase_app] AndroidManifest.xml:17:13-43
176            android:exported="false" >
176-->[:react-native-firebase_app] AndroidManifest.xml:18:13-37
177            <meta-data
177-->[:react-native-firebase_app] AndroidManifest.xml:20:13-22:85
178                android:name="com.google.firebase.components:io.invertase.firebase.app.ReactNativeFirebaseAppRegistrar"
178-->[:react-native-firebase_app] AndroidManifest.xml:21:17-120
179                android:value="com.google.firebase.components.ComponentRegistrar" />
179-->[:react-native-firebase_app] AndroidManifest.xml:22:17-82
180            <meta-data
180-->[com.google.firebase:firebase-iid:21.1.0] AndroidManifest.xml:32:13-34:85
181                android:name="com.google.firebase.components:com.google.firebase.iid.Registrar"
181-->[com.google.firebase:firebase-iid:21.1.0] AndroidManifest.xml:33:17-96
182                android:value="com.google.firebase.components.ComponentRegistrar" />
182-->[com.google.firebase:firebase-iid:21.1.0] AndroidManifest.xml:34:17-82
183            <meta-data
183-->[com.google.firebase:firebase-messaging:23.0.8] AndroidManifest.xml:56:13-58:85
184                android:name="com.google.firebase.components:com.google.firebase.messaging.FirebaseMessagingRegistrar"
184-->[com.google.firebase:firebase-messaging:23.0.8] AndroidManifest.xml:57:17-119
185                android:value="com.google.firebase.components.ComponentRegistrar" />
185-->[com.google.firebase:firebase-messaging:23.0.8] AndroidManifest.xml:58:17-82
186            <meta-data
186-->[com.google.firebase:firebase-crashlytics-ndk:18.2.13] AndroidManifest.xml:35:13-37:85
187                android:name="com.google.firebase.components:com.google.firebase.crashlytics.ndk.CrashlyticsNdkRegistrar"
187-->[com.google.firebase:firebase-crashlytics-ndk:18.2.13] AndroidManifest.xml:36:17-122
188                android:value="com.google.firebase.components.ComponentRegistrar" />
188-->[com.google.firebase:firebase-crashlytics-ndk:18.2.13] AndroidManifest.xml:37:17-82
189            <meta-data
189-->[com.google.firebase:firebase-crashlytics:18.2.13] AndroidManifest.xml:18:13-20:85
190                android:name="com.google.firebase.components:com.google.firebase.crashlytics.CrashlyticsRegistrar"
190-->[com.google.firebase:firebase-crashlytics:18.2.13] AndroidManifest.xml:19:17-115
191                android:value="com.google.firebase.components.ComponentRegistrar" />
191-->[com.google.firebase:firebase-crashlytics:18.2.13] AndroidManifest.xml:20:17-82
192            <meta-data
192-->[com.google.firebase:firebase-datatransport:18.1.6] AndroidManifest.xml:28:13-30:85
193                android:name="com.google.firebase.components:com.google.firebase.datatransport.TransportRegistrar"
193-->[com.google.firebase:firebase-datatransport:18.1.6] AndroidManifest.xml:29:17-115
194                android:value="com.google.firebase.components.ComponentRegistrar" />
194-->[com.google.firebase:firebase-datatransport:18.1.6] AndroidManifest.xml:30:17-82
195            <meta-data
195-->[com.google.android.gms:play-services-measurement-api:21.1.1] AndroidManifest.xml:31:13-33:85
196                android:name="com.google.firebase.components:com.google.firebase.analytics.connector.internal.AnalyticsConnectorRegistrar"
196-->[com.google.android.gms:play-services-measurement-api:21.1.1] AndroidManifest.xml:32:17-139
197                android:value="com.google.firebase.components.ComponentRegistrar" />
197-->[com.google.android.gms:play-services-measurement-api:21.1.1] AndroidManifest.xml:33:17-82
198            <meta-data
198-->[com.google.firebase:firebase-installations:17.0.3] AndroidManifest.xml:18:13-20:85
199                android:name="com.google.firebase.components:com.google.firebase.installations.FirebaseInstallationsRegistrar"
199-->[com.google.firebase:firebase-installations:17.0.3] AndroidManifest.xml:19:17-127
200                android:value="com.google.firebase.components.ComponentRegistrar" />
200-->[com.google.firebase:firebase-installations:17.0.3] AndroidManifest.xml:20:17-82
201        </service>
202
203        <provider
203-->[:react-native-firebase_app] AndroidManifest.xml:25:9-29:38
204            android:name="io.invertase.firebase.app.ReactNativeFirebaseAppInitProvider"
204-->[:react-native-firebase_app] AndroidManifest.xml:26:13-88
205            android:authorities="com.doomshell.idsprimelatest.reactnativefirebaseappinitprovider"
205-->[:react-native-firebase_app] AndroidManifest.xml:27:13-86
206            android:exported="false"
206-->[:react-native-firebase_app] AndroidManifest.xml:28:13-37
207            android:initOrder="99" />
207-->[:react-native-firebase_app] AndroidManifest.xml:29:13-35
208        <provider
208-->[:react-native-image-crop-picker] AndroidManifest.xml:18:9-26:20
209            android:name="androidx.core.content.FileProvider"
209-->[:react-native-image-crop-picker] AndroidManifest.xml:19:13-62
210            android:authorities="com.doomshell.idsprimelatest.provider"
210-->[:react-native-image-crop-picker] AndroidManifest.xml:20:13-60
211            android:exported="false"
211-->[:react-native-image-crop-picker] AndroidManifest.xml:21:13-37
212            android:grantUriPermissions="true" >
212-->[:react-native-image-crop-picker] AndroidManifest.xml:22:13-47
213            <meta-data
213-->[:react-native-image-crop-picker] AndroidManifest.xml:23:13-25:58
214                android:name="android.support.FILE_PROVIDER_PATHS"
214-->[:react-native-image-crop-picker] AndroidManifest.xml:24:17-67
215                android:resource="@xml/provider_paths" />
215-->[:react-native-image-crop-picker] AndroidManifest.xml:25:17-55
216        </provider>
217
218        <activity
218-->[:react-native-image-crop-picker] AndroidManifest.xml:28:9-30:72
219            android:name="com.yalantis.ucrop.UCropActivity"
219-->[:react-native-image-crop-picker] AndroidManifest.xml:29:13-60
220            android:theme="@style/Theme.AppCompat.Light.NoActionBar" />
220-->[:react-native-image-crop-picker] AndroidManifest.xml:30:13-69
221
222        <provider
222-->[:react-native-share] AndroidManifest.xml:10:9-18:20
223            android:name="cl.json.RNShareFileProvider"
223-->[:react-native-share] AndroidManifest.xml:11:13-55
224            android:authorities="com.doomshell.idsprimelatest.rnshare.fileprovider"
224-->[:react-native-share] AndroidManifest.xml:12:13-72
225            android:exported="false"
225-->[:react-native-share] AndroidManifest.xml:13:13-37
226            android:grantUriPermissions="true" >
226-->[:react-native-share] AndroidManifest.xml:14:13-47
227            <meta-data
227-->[:react-native-image-crop-picker] AndroidManifest.xml:23:13-25:58
228                android:name="android.support.FILE_PROVIDER_PATHS"
228-->[:react-native-image-crop-picker] AndroidManifest.xml:24:17-67
229                android:resource="@xml/share_download_paths" />
229-->[:react-native-image-crop-picker] AndroidManifest.xml:25:17-55
230        </provider>
231        <provider
231-->[:rn-fetch-blob] AndroidManifest.xml:34:9-42:20
232            android:name="com.RNFetchBlob.Utils.FileProvider"
232-->[:rn-fetch-blob] AndroidManifest.xml:35:13-62
233            android:authorities="com.doomshell.idsprimelatest.provider"
233-->[:rn-fetch-blob] AndroidManifest.xml:36:13-60
234            android:exported="false"
234-->[:rn-fetch-blob] AndroidManifest.xml:37:13-37
235            android:grantUriPermissions="true" >
235-->[:rn-fetch-blob] AndroidManifest.xml:38:13-47
236            <meta-data
236-->[:react-native-image-crop-picker] AndroidManifest.xml:23:13-25:58
237                android:name="android.support.FILE_PROVIDER_PATHS"
237-->[:react-native-image-crop-picker] AndroidManifest.xml:24:17-67
238                android:resource="@xml/provider_paths" />
238-->[:react-native-image-crop-picker] AndroidManifest.xml:25:17-55
239        </provider>
240
241        <receiver
241-->[com.google.android.gms:play-services-measurement:21.1.1] AndroidManifest.xml:29:9-33:20
242            android:name="com.google.android.gms.measurement.AppMeasurementReceiver"
242-->[com.google.android.gms:play-services-measurement:21.1.1] AndroidManifest.xml:30:13-85
243            android:enabled="true"
243-->[com.google.android.gms:play-services-measurement:21.1.1] AndroidManifest.xml:31:13-35
244            android:exported="false" >
244-->[com.google.android.gms:play-services-measurement:21.1.1] AndroidManifest.xml:32:13-37
245        </receiver>
246
247        <service
247-->[com.google.android.gms:play-services-measurement:21.1.1] AndroidManifest.xml:35:9-38:40
248            android:name="com.google.android.gms.measurement.AppMeasurementService"
248-->[com.google.android.gms:play-services-measurement:21.1.1] AndroidManifest.xml:36:13-84
249            android:enabled="true"
249-->[com.google.android.gms:play-services-measurement:21.1.1] AndroidManifest.xml:37:13-35
250            android:exported="false" />
250-->[com.google.android.gms:play-services-measurement:21.1.1] AndroidManifest.xml:38:13-37
251        <service
251-->[com.google.android.gms:play-services-measurement:21.1.1] AndroidManifest.xml:39:9-43:72
252            android:name="com.google.android.gms.measurement.AppMeasurementJobService"
252-->[com.google.android.gms:play-services-measurement:21.1.1] AndroidManifest.xml:40:13-87
253            android:enabled="true"
253-->[com.google.android.gms:play-services-measurement:21.1.1] AndroidManifest.xml:41:13-35
254            android:exported="false"
254-->[com.google.android.gms:play-services-measurement:21.1.1] AndroidManifest.xml:42:13-37
255            android:permission="android.permission.BIND_JOB_SERVICE" />
255-->[com.google.android.gms:play-services-measurement:21.1.1] AndroidManifest.xml:43:13-69
256
257        <receiver
257-->[com.google.firebase:firebase-messaging:23.0.8] AndroidManifest.xml:32:9-39:20
258            android:name="com.google.firebase.iid.FirebaseInstanceIdReceiver"
258-->[com.google.firebase:firebase-messaging:23.0.8] AndroidManifest.xml:33:13-78
259            android:exported="true"
259-->[com.google.firebase:firebase-messaging:23.0.8] AndroidManifest.xml:34:13-36
260            android:permission="com.google.android.c2dm.permission.SEND" >
260-->[com.google.firebase:firebase-messaging:23.0.8] AndroidManifest.xml:35:13-73
261            <intent-filter>
261-->[:react-native-firebase_messaging] AndroidManifest.xml:29:13-31:29
262                <action android:name="com.google.android.c2dm.intent.RECEIVE" />
262-->[:react-native-firebase_messaging] AndroidManifest.xml:30:17-81
262-->[:react-native-firebase_messaging] AndroidManifest.xml:30:25-78
263            </intent-filter>
264        </receiver>
265        <!--